<?xml version="1.0" encoding="UTF-8"?>
<!-- Generated by org.testng.reporters.JUnitReportReporter -->
<testsuite hostname="LAPTOP-UBDPVCK8" failures="0" tests="1" name="com.qalegandbilling.testscript.ResetTest" time="9.111" errors="0" timestamp="2023-09-03T00:31:47 IST" skipped="0">
  <testcase classname="com.qalegandbilling.testscript.ResetTest" name="TC_003_errorMessage_Displayed_onthe_Reset_passwordPage_with_InavlidemailID" time="9.111"/>
  <system-out/>
</testsuite> <!-- com.qalegandbilling.testscript.ResetTest -->
