<?xml version="1.0" encoding="UTF-8"?>
<!-- Generated by org.testng.reporters.JUnitReportReporter -->
<testsuite hostname="LAPTOP-UBDPVCK8" failures="0" tests="1" name="com.qalegandbilling.testscript.EditUserTest" time="28.165" errors="0" timestamp="2023-09-07T00:31:13 IST" skipped="0">
  <testcase classname="com.qalegandbilling.testscript.EditUserTest" name="TC_009_verify_EditUser" time="28.165"/>
  <system-out/>
</testsuite> <!-- com.qalegandbilling.testscript.EditUserTest -->
