<?xml version="1.0" encoding="UTF-8"?>
<!-- Generated by org.testng.reporters.JUnitReportReporter -->
<testsuite hostname="LAPTOP-UBDPVCK8" failures="0" tests="1" name="com.qalegandbilling.testscript.RoleTest" time="9.972" errors="0" timestamp="2023-09-06T01:33:21 IST" skipped="0">
  <testcase classname="com.qalegandbilling.testscript.RoleTest" name="TC_009_verify_DeleteUser" time="9.972"/>
  <system-out/>
</testsuite> <!-- com.qalegandbilling.testscript.RoleTest -->
