<?xml version="1.0" encoding="UTF-8"?>
<!-- Generated by org.testng.reporters.JUnitReportReporter -->
<testsuite hostname="LAPTOP-UBDPVCK8" failures="0" tests="1" name="com.qalegandbilling.testscript.LoginTest" time="7.907" errors="0" timestamp="2023-09-06T08:47:13 IST" skipped="0">
  <testcase classname="com.qalegandbilling.testscript.LoginTest" name="TC_001_verifyValidLogin" time="7.907"/>
  <system-out/>
</testsuite> <!-- com.qalegandbilling.testscript.LoginTest -->
