<?xml version="1.0" encoding="UTF-8"?>
<!-- Generated by org.testng.reporters.JUnitReportReporter -->
<testsuite hostname="LAPTOP-UBDPVCK8" failures="0" tests="1" name="com.qalegandbilling.testscript.LoginNewUserTest" time="21.479" errors="0" timestamp="2023-09-07T00:25:02 IST" skipped="0">
  <testcase classname="com.qalegandbilling.testscript.LoginNewUserTest" name="TC_011_verifyValidLogin" time="21.479"/>
  <system-out/>
</testsuite> <!-- com.qalegandbilling.testscript.LoginNewUserTest -->
