<?xml version="1.0" encoding="UTF-8"?>
<!-- Generated by org.testng.reporters.JUnitReportReporter -->
<testsuite hostname="LAPTOP-UBDPVCK8" failures="0" tests="1" name="com.qalegandbilling.testscript.EditSalesCommisionTest" time="54.081" errors="0" timestamp="2023-09-05T23:03:36 IST" skipped="0">
  <testcase classname="com.qalegandbilling.testscript.EditSalesCommisionTest" name="TC_008_verify_DeleteUser" time="54.081"/>
  <system-out/>
</testsuite> <!-- com.qalegandbilling.testscript.EditSalesCommisionTest -->
