<?xml version="1.0" encoding="UTF-8"?>
<!-- Generated by org.testng.reporters.JUnitReportReporter -->
<testsuite hostname="LAPTOP-UBDPVCK8" failures="0" tests="1" name="com.qalegandbilling.testscript.AddUsersTest" time="20.405" errors="0" timestamp="2023-08-31T11:41:57 IST" skipped="0">
  <testcase classname="com.qalegandbilling.testscript.AddUsersTest" name="TC_004_verifyUsercan_Add_users" time="20.405"/>
  <system-out/>
</testsuite> <!-- com.qalegandbilling.testscript.AddUsersTest -->
