<?xml version="1.0" encoding="UTF-8"?>
<!-- Generated by org.testng.reporters.JUnitReportReporter -->
<testsuite hostname="LAPTOP-UBDPVCK8" failures="0" tests="1" name="com.qalegandbilling.testscript.ViewUserTest" time="19.611" errors="0" timestamp="2023-09-06T07:34:26 IST" skipped="0">
  <testcase classname="com.qalegandbilling.testscript.ViewUserTest" name="TC_0010_validate_ViewUser" time="19.611"/>
  <system-out/>
</testsuite> <!-- com.qalegandbilling.testscript.ViewUserTest -->
