<?xml version="1.0" encoding="UTF-8"?>
<!-- Generated by org.testng.reporters.JUnitReportReporter -->
<testsuite hostname="LAPTOP-UBDPVCK8" failures="0" tests="1" name="com.qalegandbilling.testscript.UserTest" time="7.885" errors="0" timestamp="2023-09-03T00:33:31 IST" skipped="0">
  <testcase classname="com.qalegandbilling.testscript.UserTest" name="Tc_006_verify_UserManagemntTabs_are_Displayed" time="7.885"/>
  <system-out/>
</testsuite> <!-- com.qalegandbilling.testscript.UserTest -->
