<?xml version="1.0" encoding="UTF-8"?>
<!-- Generated by org.testng.reporters.JUnitReportReporter -->
<testsuite hostname="LAPTOP-UBDPVCK8" failures="0" tests="1" name="com.qalegandbilling.testscript.DeleteUserTest" time="19.733" errors="0" timestamp="2023-09-05T08:59:43 IST" skipped="0">
  <testcase classname="com.qalegandbilling.testscript.DeleteUserTest" name="TC_007_verify_DeleteUser" time="19.733"/>
  <system-out/>
</testsuite> <!-- com.qalegandbilling.testscript.DeleteUserTest -->
